*** Installation started 2017/04/27 10:39 ***
Source: C:\Users\Administrator\Desktop\cx_Oracle-5.3-11g.win-amd64-py2.7.exe
999 Root Key: HKEY_LOCAL_MACHINE
020 Reg DB Key: [Software\Microsoft\Windows\CurrentVersion\Uninstall]cx_Oracle-py2.7
040 Reg DB Value: [Software\Microsoft\Windows\CurrentVersion\Uninstall\cx_Oracle-py2.7]DisplayName=Python 2.7 cx_Oracle-5.3-11g
040 Reg DB Value: [Software\Microsoft\Windows\CurrentVersion\Uninstall\cx_Oracle-py2.7]UninstallString="D:\software\python2.7.9\Removecx_Oracle.exe" -u "D:\software\python2.7.9\cx_Oracle-wininst.log"
100 Made Dir: D:\software\python2.7.9\cx_Oracle-doc
200 File Copy: D:\software\python2.7.9\cx_Oracle-doc\BUILD.txt
200 File Copy: D:\software\python2.7.9\cx_Oracle-doc\LICENSE.txt
200 File Copy: D:\software\python2.7.9\cx_Oracle-doc\README.txt
100 Made Dir: D:\software\python2.7.9\cx_Oracle-doc\samples
200 File Copy: D:\software\python2.7.9\cx_Oracle-doc\samples\AdvancedQueuing.py
200 File Copy: D:\software\python2.7.9\cx_Oracle-doc\samples\AppContext.py
200 File Copy: D:\software\python2.7.9\cx_Oracle-doc\samples\DatabaseChangeNotification.py
200 File Copy: D:\software\python2.7.9\cx_Oracle-doc\samples\DatabaseShutdown.py
200 File Copy: D:\software\python2.7.9\cx_Oracle-doc\samples\DatabaseStartup.py
200 File Copy: D:\software\python2.7.9\cx_Oracle-doc\samples\DRCP.py
200 File Copy: D:\software\python2.7.9\cx_Oracle-doc\samples\Editioning.py
200 File Copy: D:\software\python2.7.9\cx_Oracle-doc\samples\ImplicitResults.py
200 File Copy: D:\software\python2.7.9\cx_Oracle-doc\samples\InsertGeometry.py
200 File Copy: D:\software\python2.7.9\cx_Oracle-doc\samples\QueryChangeNotification.py
200 File Copy: D:\software\python2.7.9\cx_Oracle-doc\samples\ReturnLongs.py
200 File Copy: D:\software\python2.7.9\cx_Oracle-doc\samples\ReturnUnicode.py
200 File Copy: D:\software\python2.7.9\cx_Oracle-doc\samples\RowsAsInstance.py
200 File Copy: D:\software\python2.7.9\cx_Oracle-doc\samples\ScrollableCursors.py
200 File Copy: D:\software\python2.7.9\cx_Oracle-doc\samples\TransactionGuard.py
200 File Copy: D:\software\python2.7.9\cx_Oracle-doc\samples\TypeHandlers.py
100 Made Dir: D:\software\python2.7.9\cx_Oracle-doc\test
200 File Copy: D:\software\python2.7.9\cx_Oracle-doc\test\BooleanVar.py
200 File Copy: D:\software\python2.7.9\cx_Oracle-doc\test\Connection.py
200 File Copy: D:\software\python2.7.9\cx_Oracle-doc\test\Cursor.py
200 File Copy: D:\software\python2.7.9\cx_Oracle-doc\test\CursorVar.py
200 File Copy: D:\software\python2.7.9\cx_Oracle-doc\test\DateTimeVar.py
200 File Copy: D:\software\python2.7.9\cx_Oracle-doc\test\Error.py
200 File Copy: D:\software\python2.7.9\cx_Oracle-doc\test\Features12_1.py
200 File Copy: D:\software\python2.7.9\cx_Oracle-doc\test\IntervalVar.py
200 File Copy: D:\software\python2.7.9\cx_Oracle-doc\test\LobVar.py
200 File Copy: D:\software\python2.7.9\cx_Oracle-doc\test\LongVar.py
200 File Copy: D:\software\python2.7.9\cx_Oracle-doc\test\NCharVar.py
200 File Copy: D:\software\python2.7.9\cx_Oracle-doc\test\NumberVar.py
200 File Copy: D:\software\python2.7.9\cx_Oracle-doc\test\ObjectVar.py
200 File Copy: D:\software\python2.7.9\cx_Oracle-doc\test\SessionPool.py
200 File Copy: D:\software\python2.7.9\cx_Oracle-doc\test\SetupTest.sql
200 File Copy: D:\software\python2.7.9\cx_Oracle-doc\test\StringVar.py
200 File Copy: D:\software\python2.7.9\cx_Oracle-doc\test\test.py
200 File Copy: D:\software\python2.7.9\cx_Oracle-doc\test\TestEnv.py
200 File Copy: D:\software\python2.7.9\cx_Oracle-doc\test\test_dbapi20.py
200 File Copy: D:\software\python2.7.9\cx_Oracle-doc\test\TimestampVar.py
200 File Copy: D:\software\python2.7.9\cx_Oracle-doc\test\uConnection.py
200 File Copy: D:\software\python2.7.9\cx_Oracle-doc\test\uCursor.py
200 File Copy: D:\software\python2.7.9\cx_Oracle-doc\test\uCursorVar.py
200 File Copy: D:\software\python2.7.9\cx_Oracle-doc\test\uDateTimeVar.py
200 File Copy: D:\software\python2.7.9\cx_Oracle-doc\test\uFeatures12_1.py
200 File Copy: D:\software\python2.7.9\cx_Oracle-doc\test\uIntervalVar.py
200 File Copy: D:\software\python2.7.9\cx_Oracle-doc\test\uLobVar.py
200 File Copy: D:\software\python2.7.9\cx_Oracle-doc\test\uLongVar.py
200 File Copy: D:\software\python2.7.9\cx_Oracle-doc\test\uNumberVar.py
200 File Copy: D:\software\python2.7.9\cx_Oracle-doc\test\uObjectVar.py
200 File Copy: D:\software\python2.7.9\cx_Oracle-doc\test\uSessionPool.py
200 File Copy: D:\software\python2.7.9\cx_Oracle-doc\test\uStringVar.py
200 File Copy: D:\software\python2.7.9\cx_Oracle-doc\test\uTimestampVar.py
200 File Copy: D:\software\python2.7.9\Lib\site-packages\cx_Oracle.pyd
100 Made Dir: D:\software\python2.7.9\Lib\site-packages\cx_Oracle-5.3-py2.7.egg-info
200 File Copy: D:\software\python2.7.9\Lib\site-packages\cx_Oracle-5.3-py2.7.egg-info\dependency_links.txt
200 File Copy: D:\software\python2.7.9\Lib\site-packages\cx_Oracle-5.3-py2.7.egg-info\PKG-INFO
200 File Copy: D:\software\python2.7.9\Lib\site-packages\cx_Oracle-5.3-py2.7.egg-info\SOURCES.txt
200 File Copy: D:\software\python2.7.9\Lib\site-packages\cx_Oracle-5.3-py2.7.egg-info\top_level.txt
200 File Copy: D:\software\python2.7.9\cx_Oracle-doc\test\uTimestampVar.pyc
200 File Copy: D:\software\python2.7.9\cx_Oracle-doc\test\uStringVar.pyc
200 File Copy: D:\software\python2.7.9\cx_Oracle-doc\test\uSessionPool.pyc
200 File Copy: D:\software\python2.7.9\cx_Oracle-doc\test\uObjectVar.pyc
200 File Copy: D:\software\python2.7.9\cx_Oracle-doc\test\uNumberVar.pyc
200 File Copy: D:\software\python2.7.9\cx_Oracle-doc\test\uLongVar.pyc
200 File Copy: D:\software\python2.7.9\cx_Oracle-doc\test\uLobVar.pyc
200 File Copy: D:\software\python2.7.9\cx_Oracle-doc\test\uIntervalVar.pyc
200 File Copy: D:\software\python2.7.9\cx_Oracle-doc\test\uFeatures12_1.pyc
200 File Copy: D:\software\python2.7.9\cx_Oracle-doc\test\uDateTimeVar.pyc
200 File Copy: D:\software\python2.7.9\cx_Oracle-doc\test\uCursorVar.pyc
200 File Copy: D:\software\python2.7.9\cx_Oracle-doc\test\uCursor.pyc
200 File Copy: D:\software\python2.7.9\cx_Oracle-doc\test\uConnection.pyc
200 File Copy: D:\software\python2.7.9\cx_Oracle-doc\test\TimestampVar.pyc
200 File Copy: D:\software\python2.7.9\cx_Oracle-doc\test\test_dbapi20.pyc
200 File Copy: D:\software\python2.7.9\cx_Oracle-doc\test\TestEnv.pyc
200 File Copy: D:\software\python2.7.9\cx_Oracle-doc\test\test.pyc
200 File Copy: D:\software\python2.7.9\cx_Oracle-doc\test\StringVar.pyc
200 File Copy: D:\software\python2.7.9\cx_Oracle-doc\test\SessionPool.pyc
200 File Copy: D:\software\python2.7.9\cx_Oracle-doc\test\ObjectVar.pyc
200 File Copy: D:\software\python2.7.9\cx_Oracle-doc\test\NumberVar.pyc
200 File Copy: D:\software\python2.7.9\cx_Oracle-doc\test\NCharVar.pyc
200 File Copy: D:\software\python2.7.9\cx_Oracle-doc\test\LongVar.pyc
200 File Copy: D:\software\python2.7.9\cx_Oracle-doc\test\LobVar.pyc
200 File Copy: D:\software\python2.7.9\cx_Oracle-doc\test\IntervalVar.pyc
200 File Copy: D:\software\python2.7.9\cx_Oracle-doc\test\Features12_1.pyc
200 File Copy: D:\software\python2.7.9\cx_Oracle-doc\test\Error.pyc
200 File Copy: D:\software\python2.7.9\cx_Oracle-doc\test\DateTimeVar.pyc
200 File Copy: D:\software\python2.7.9\cx_Oracle-doc\test\CursorVar.pyc
200 File Copy: D:\software\python2.7.9\cx_Oracle-doc\test\Cursor.pyc
200 File Copy: D:\software\python2.7.9\cx_Oracle-doc\test\Connection.pyc
200 File Copy: D:\software\python2.7.9\cx_Oracle-doc\test\BooleanVar.pyc
200 File Copy: D:\software\python2.7.9\cx_Oracle-doc\samples\TypeHandlers.pyc
200 File Copy: D:\software\python2.7.9\cx_Oracle-doc\samples\TransactionGuard.pyc
200 File Copy: D:\software\python2.7.9\cx_Oracle-doc\samples\ScrollableCursors.pyc
200 File Copy: D:\software\python2.7.9\cx_Oracle-doc\samples\RowsAsInstance.pyc
200 File Copy: D:\software\python2.7.9\cx_Oracle-doc\samples\ReturnUnicode.pyc
200 File Copy: D:\software\python2.7.9\cx_Oracle-doc\samples\ReturnLongs.pyc
200 File Copy: D:\software\python2.7.9\cx_Oracle-doc\samples\QueryChangeNotification.pyc
200 File Copy: D:\software\python2.7.9\cx_Oracle-doc\samples\InsertGeometry.pyc
200 File Copy: D:\software\python2.7.9\cx_Oracle-doc\samples\ImplicitResults.pyc
200 File Copy: D:\software\python2.7.9\cx_Oracle-doc\samples\Editioning.pyc
200 File Copy: D:\software\python2.7.9\cx_Oracle-doc\samples\DRCP.pyc
200 File Copy: D:\software\python2.7.9\cx_Oracle-doc\samples\DatabaseStartup.pyc
200 File Copy: D:\software\python2.7.9\cx_Oracle-doc\samples\DatabaseShutdown.pyc
200 File Copy: D:\software\python2.7.9\cx_Oracle-doc\samples\DatabaseChangeNotification.pyc
200 File Copy: D:\software\python2.7.9\cx_Oracle-doc\samples\AppContext.pyc
200 File Copy: D:\software\python2.7.9\cx_Oracle-doc\samples\AdvancedQueuing.pyc
200 File Copy: D:\software\python2.7.9\cx_Oracle-doc\test\uTimestampVar.pyo
200 File Copy: D:\software\python2.7.9\cx_Oracle-doc\test\uStringVar.pyo
200 File Copy: D:\software\python2.7.9\cx_Oracle-doc\test\uSessionPool.pyo
200 File Copy: D:\software\python2.7.9\cx_Oracle-doc\test\uObjectVar.pyo
200 File Copy: D:\software\python2.7.9\cx_Oracle-doc\test\uNumberVar.pyo
200 File Copy: D:\software\python2.7.9\cx_Oracle-doc\test\uLongVar.pyo
200 File Copy: D:\software\python2.7.9\cx_Oracle-doc\test\uLobVar.pyo
200 File Copy: D:\software\python2.7.9\cx_Oracle-doc\test\uIntervalVar.pyo
200 File Copy: D:\software\python2.7.9\cx_Oracle-doc\test\uFeatures12_1.pyo
200 File Copy: D:\software\python2.7.9\cx_Oracle-doc\test\uDateTimeVar.pyo
200 File Copy: D:\software\python2.7.9\cx_Oracle-doc\test\uCursorVar.pyo
200 File Copy: D:\software\python2.7.9\cx_Oracle-doc\test\uCursor.pyo
200 File Copy: D:\software\python2.7.9\cx_Oracle-doc\test\uConnection.pyo
200 File Copy: D:\software\python2.7.9\cx_Oracle-doc\test\TimestampVar.pyo
200 File Copy: D:\software\python2.7.9\cx_Oracle-doc\test\test_dbapi20.pyo
200 File Copy: D:\software\python2.7.9\cx_Oracle-doc\test\TestEnv.pyo
200 File Copy: D:\software\python2.7.9\cx_Oracle-doc\test\test.pyo
200 File Copy: D:\software\python2.7.9\cx_Oracle-doc\test\StringVar.pyo
200 File Copy: D:\software\python2.7.9\cx_Oracle-doc\test\SessionPool.pyo
200 File Copy: D:\software\python2.7.9\cx_Oracle-doc\test\ObjectVar.pyo
200 File Copy: D:\software\python2.7.9\cx_Oracle-doc\test\NumberVar.pyo
200 File Copy: D:\software\python2.7.9\cx_Oracle-doc\test\NCharVar.pyo
200 File Copy: D:\software\python2.7.9\cx_Oracle-doc\test\LongVar.pyo
200 File Copy: D:\software\python2.7.9\cx_Oracle-doc\test\LobVar.pyo
200 File Copy: D:\software\python2.7.9\cx_Oracle-doc\test\IntervalVar.pyo
200 File Copy: D:\software\python2.7.9\cx_Oracle-doc\test\Features12_1.pyo
200 File Copy: D:\software\python2.7.9\cx_Oracle-doc\test\Error.pyo
200 File Copy: D:\software\python2.7.9\cx_Oracle-doc\test\DateTimeVar.pyo
200 File Copy: D:\software\python2.7.9\cx_Oracle-doc\test\CursorVar.pyo
200 File Copy: D:\software\python2.7.9\cx_Oracle-doc\test\Cursor.pyo
200 File Copy: D:\software\python2.7.9\cx_Oracle-doc\test\Connection.pyo
200 File Copy: D:\software\python2.7.9\cx_Oracle-doc\test\BooleanVar.pyo
200 File Copy: D:\software\python2.7.9\cx_Oracle-doc\samples\TypeHandlers.pyo
200 File Copy: D:\software\python2.7.9\cx_Oracle-doc\samples\TransactionGuard.pyo
200 File Copy: D:\software\python2.7.9\cx_Oracle-doc\samples\ScrollableCursors.pyo
200 File Copy: D:\software\python2.7.9\cx_Oracle-doc\samples\RowsAsInstance.pyo
200 File Copy: D:\software\python2.7.9\cx_Oracle-doc\samples\ReturnUnicode.pyo
200 File Copy: D:\software\python2.7.9\cx_Oracle-doc\samples\ReturnLongs.pyo
200 File Copy: D:\software\python2.7.9\cx_Oracle-doc\samples\QueryChangeNotification.pyo
200 File Copy: D:\software\python2.7.9\cx_Oracle-doc\samples\InsertGeometry.pyo
200 File Copy: D:\software\python2.7.9\cx_Oracle-doc\samples\ImplicitResults.pyo
200 File Copy: D:\software\python2.7.9\cx_Oracle-doc\samples\Editioning.pyo
200 File Copy: D:\software\python2.7.9\cx_Oracle-doc\samples\DRCP.pyo
200 File Copy: D:\software\python2.7.9\cx_Oracle-doc\samples\DatabaseStartup.pyo
200 File Copy: D:\software\python2.7.9\cx_Oracle-doc\samples\DatabaseShutdown.pyo
200 File Copy: D:\software\python2.7.9\cx_Oracle-doc\samples\DatabaseChangeNotification.pyo
200 File Copy: D:\software\python2.7.9\cx_Oracle-doc\samples\AppContext.pyo
200 File Copy: D:\software\python2.7.9\cx_Oracle-doc\samples\AdvancedQueuing.pyo
*** Installation started 2017/04/27 11:10 ***
Source: C:\Users\Administrator\Desktop\cx_Oracle-5.3-11g.win-amd64-py2.7.exe
999 Root Key: HKEY_LOCAL_MACHINE
040 Reg DB Value: [Software\Microsoft\Windows\CurrentVersion\Uninstall\cx_Oracle-py2.7]DisplayName=Python 2.7 cx_Oracle-5.3-11g
040 Reg DB Value: [Software\Microsoft\Windows\CurrentVersion\Uninstall\cx_Oracle-py2.7]UninstallString="D:\software\python2.7.9\Removecx_Oracle.exe" -u "D:\software\python2.7.9\cx_Oracle-wininst.log"
200 File Copy: D:\software\python2.7.9\cx_Oracle-doc\BUILD.txt
200 File Copy: D:\software\python2.7.9\cx_Oracle-doc\LICENSE.txt
200 File Copy: D:\software\python2.7.9\cx_Oracle-doc\README.txt
200 File Copy: D:\software\python2.7.9\cx_Oracle-doc\samples\AdvancedQueuing.py
200 File Copy: D:\software\python2.7.9\cx_Oracle-doc\samples\AppContext.py
200 File Copy: D:\software\python2.7.9\cx_Oracle-doc\samples\DatabaseChangeNotification.py
200 File Copy: D:\software\python2.7.9\cx_Oracle-doc\samples\DatabaseShutdown.py
200 File Copy: D:\software\python2.7.9\cx_Oracle-doc\samples\DatabaseStartup.py
200 File Copy: D:\software\python2.7.9\cx_Oracle-doc\samples\DRCP.py
200 File Copy: D:\software\python2.7.9\cx_Oracle-doc\samples\Editioning.py
200 File Copy: D:\software\python2.7.9\cx_Oracle-doc\samples\ImplicitResults.py
200 File Copy: D:\software\python2.7.9\cx_Oracle-doc\samples\InsertGeometry.py
200 File Copy: D:\software\python2.7.9\cx_Oracle-doc\samples\QueryChangeNotification.py
200 File Copy: D:\software\python2.7.9\cx_Oracle-doc\samples\ReturnLongs.py
200 File Copy: D:\software\python2.7.9\cx_Oracle-doc\samples\ReturnUnicode.py
200 File Copy: D:\software\python2.7.9\cx_Oracle-doc\samples\RowsAsInstance.py
200 File Copy: D:\software\python2.7.9\cx_Oracle-doc\samples\ScrollableCursors.py
200 File Copy: D:\software\python2.7.9\cx_Oracle-doc\samples\TransactionGuard.py
200 File Copy: D:\software\python2.7.9\cx_Oracle-doc\samples\TypeHandlers.py
200 File Copy: D:\software\python2.7.9\cx_Oracle-doc\test\BooleanVar.py
200 File Copy: D:\software\python2.7.9\cx_Oracle-doc\test\Connection.py
200 File Copy: D:\software\python2.7.9\cx_Oracle-doc\test\Cursor.py
200 File Copy: D:\software\python2.7.9\cx_Oracle-doc\test\CursorVar.py
200 File Copy: D:\software\python2.7.9\cx_Oracle-doc\test\DateTimeVar.py
200 File Copy: D:\software\python2.7.9\cx_Oracle-doc\test\Error.py
200 File Copy: D:\software\python2.7.9\cx_Oracle-doc\test\Features12_1.py
200 File Copy: D:\software\python2.7.9\cx_Oracle-doc\test\IntervalVar.py
200 File Copy: D:\software\python2.7.9\cx_Oracle-doc\test\LobVar.py
200 File Copy: D:\software\python2.7.9\cx_Oracle-doc\test\LongVar.py
200 File Copy: D:\software\python2.7.9\cx_Oracle-doc\test\NCharVar.py
200 File Copy: D:\software\python2.7.9\cx_Oracle-doc\test\NumberVar.py
200 File Copy: D:\software\python2.7.9\cx_Oracle-doc\test\ObjectVar.py
200 File Copy: D:\software\python2.7.9\cx_Oracle-doc\test\SessionPool.py
200 File Copy: D:\software\python2.7.9\cx_Oracle-doc\test\SetupTest.sql
200 File Copy: D:\software\python2.7.9\cx_Oracle-doc\test\StringVar.py
200 File Copy: D:\software\python2.7.9\cx_Oracle-doc\test\test.py
200 File Copy: D:\software\python2.7.9\cx_Oracle-doc\test\TestEnv.py
200 File Copy: D:\software\python2.7.9\cx_Oracle-doc\test\test_dbapi20.py
200 File Copy: D:\software\python2.7.9\cx_Oracle-doc\test\TimestampVar.py
200 File Copy: D:\software\python2.7.9\cx_Oracle-doc\test\uConnection.py
200 File Copy: D:\software\python2.7.9\cx_Oracle-doc\test\uCursor.py
200 File Copy: D:\software\python2.7.9\cx_Oracle-doc\test\uCursorVar.py
200 File Copy: D:\software\python2.7.9\cx_Oracle-doc\test\uDateTimeVar.py
200 File Copy: D:\software\python2.7.9\cx_Oracle-doc\test\uFeatures12_1.py
200 File Copy: D:\software\python2.7.9\cx_Oracle-doc\test\uIntervalVar.py
200 File Copy: D:\software\python2.7.9\cx_Oracle-doc\test\uLobVar.py
200 File Copy: D:\software\python2.7.9\cx_Oracle-doc\test\uLongVar.py
200 File Copy: D:\software\python2.7.9\cx_Oracle-doc\test\uNumberVar.py
200 File Copy: D:\software\python2.7.9\cx_Oracle-doc\test\uObjectVar.py
200 File Copy: D:\software\python2.7.9\cx_Oracle-doc\test\uSessionPool.py
200 File Copy: D:\software\python2.7.9\cx_Oracle-doc\test\uStringVar.py
200 File Copy: D:\software\python2.7.9\cx_Oracle-doc\test\uTimestampVar.py
200 File Copy: D:\software\python2.7.9\Lib\site-packages\cx_Oracle.pyd
200 File Copy: D:\software\python2.7.9\Lib\site-packages\cx_Oracle-5.3-py2.7.egg-info\dependency_links.txt
200 File Copy: D:\software\python2.7.9\Lib\site-packages\cx_Oracle-5.3-py2.7.egg-info\PKG-INFO
200 File Copy: D:\software\python2.7.9\Lib\site-packages\cx_Oracle-5.3-py2.7.egg-info\SOURCES.txt
200 File Copy: D:\software\python2.7.9\Lib\site-packages\cx_Oracle-5.3-py2.7.egg-info\top_level.txt
200 File Copy: D:\software\python2.7.9\cx_Oracle-doc\test\uTimestampVar.pyc
200 File Copy: D:\software\python2.7.9\cx_Oracle-doc\test\uStringVar.pyc
200 File Copy: D:\software\python2.7.9\cx_Oracle-doc\test\uSessionPool.pyc
200 File Copy: D:\software\python2.7.9\cx_Oracle-doc\test\uObjectVar.pyc
200 File Copy: D:\software\python2.7.9\cx_Oracle-doc\test\uNumberVar.pyc
200 File Copy: D:\software\python2.7.9\cx_Oracle-doc\test\uLongVar.pyc
200 File Copy: D:\software\python2.7.9\cx_Oracle-doc\test\uLobVar.pyc
200 File Copy: D:\software\python2.7.9\cx_Oracle-doc\test\uIntervalVar.pyc
200 File Copy: D:\software\python2.7.9\cx_Oracle-doc\test\uFeatures12_1.pyc
200 File Copy: D:\software\python2.7.9\cx_Oracle-doc\test\uDateTimeVar.pyc
200 File Copy: D:\software\python2.7.9\cx_Oracle-doc\test\uCursorVar.pyc
200 File Copy: D:\software\python2.7.9\cx_Oracle-doc\test\uCursor.pyc
200 File Copy: D:\software\python2.7.9\cx_Oracle-doc\test\uConnection.pyc
200 File Copy: D:\software\python2.7.9\cx_Oracle-doc\test\TimestampVar.pyc
200 File Copy: D:\software\python2.7.9\cx_Oracle-doc\test\test_dbapi20.pyc
200 File Copy: D:\software\python2.7.9\cx_Oracle-doc\test\TestEnv.pyc
200 File Copy: D:\software\python2.7.9\cx_Oracle-doc\test\test.pyc
200 File Copy: D:\software\python2.7.9\cx_Oracle-doc\test\StringVar.pyc
200 File Copy: D:\software\python2.7.9\cx_Oracle-doc\test\SessionPool.pyc
200 File Copy: D:\software\python2.7.9\cx_Oracle-doc\test\ObjectVar.pyc
200 File Copy: D:\software\python2.7.9\cx_Oracle-doc\test\NumberVar.pyc
200 File Copy: D:\software\python2.7.9\cx_Oracle-doc\test\NCharVar.pyc
200 File Copy: D:\software\python2.7.9\cx_Oracle-doc\test\LongVar.pyc
200 File Copy: D:\software\python2.7.9\cx_Oracle-doc\test\LobVar.pyc
200 File Copy: D:\software\python2.7.9\cx_Oracle-doc\test\IntervalVar.pyc
200 File Copy: D:\software\python2.7.9\cx_Oracle-doc\test\Features12_1.pyc
200 File Copy: D:\software\python2.7.9\cx_Oracle-doc\test\Error.pyc
200 File Copy: D:\software\python2.7.9\cx_Oracle-doc\test\DateTimeVar.pyc
200 File Copy: D:\software\python2.7.9\cx_Oracle-doc\test\CursorVar.pyc
200 File Copy: D:\software\python2.7.9\cx_Oracle-doc\test\Cursor.pyc
200 File Copy: D:\software\python2.7.9\cx_Oracle-doc\test\Connection.pyc
200 File Copy: D:\software\python2.7.9\cx_Oracle-doc\test\BooleanVar.pyc
200 File Copy: D:\software\python2.7.9\cx_Oracle-doc\samples\TypeHandlers.pyc
200 File Copy: D:\software\python2.7.9\cx_Oracle-doc\samples\TransactionGuard.pyc
200 File Copy: D:\software\python2.7.9\cx_Oracle-doc\samples\ScrollableCursors.pyc
200 File Copy: D:\software\python2.7.9\cx_Oracle-doc\samples\RowsAsInstance.pyc
200 File Copy: D:\software\python2.7.9\cx_Oracle-doc\samples\ReturnUnicode.pyc
200 File Copy: D:\software\python2.7.9\cx_Oracle-doc\samples\ReturnLongs.pyc
200 File Copy: D:\software\python2.7.9\cx_Oracle-doc\samples\QueryChangeNotification.pyc
200 File Copy: D:\software\python2.7.9\cx_Oracle-doc\samples\InsertGeometry.pyc
200 File Copy: D:\software\python2.7.9\cx_Oracle-doc\samples\ImplicitResults.pyc
200 File Copy: D:\software\python2.7.9\cx_Oracle-doc\samples\Editioning.pyc
200 File Copy: D:\software\python2.7.9\cx_Oracle-doc\samples\DRCP.pyc
200 File Copy: D:\software\python2.7.9\cx_Oracle-doc\samples\DatabaseStartup.pyc
200 File Copy: D:\software\python2.7.9\cx_Oracle-doc\samples\DatabaseShutdown.pyc
200 File Copy: D:\software\python2.7.9\cx_Oracle-doc\samples\DatabaseChangeNotification.pyc
200 File Copy: D:\software\python2.7.9\cx_Oracle-doc\samples\AppContext.pyc
200 File Copy: D:\software\python2.7.9\cx_Oracle-doc\samples\AdvancedQueuing.pyc
200 File Copy: D:\software\python2.7.9\cx_Oracle-doc\test\uTimestampVar.pyo
200 File Copy: D:\software\python2.7.9\cx_Oracle-doc\test\uStringVar.pyo
200 File Copy: D:\software\python2.7.9\cx_Oracle-doc\test\uSessionPool.pyo
200 File Copy: D:\software\python2.7.9\cx_Oracle-doc\test\uObjectVar.pyo
200 File Copy: D:\software\python2.7.9\cx_Oracle-doc\test\uNumberVar.pyo
200 File Copy: D:\software\python2.7.9\cx_Oracle-doc\test\uLongVar.pyo
200 File Copy: D:\software\python2.7.9\cx_Oracle-doc\test\uLobVar.pyo
200 File Copy: D:\software\python2.7.9\cx_Oracle-doc\test\uIntervalVar.pyo
200 File Copy: D:\software\python2.7.9\cx_Oracle-doc\test\uFeatures12_1.pyo
200 File Copy: D:\software\python2.7.9\cx_Oracle-doc\test\uDateTimeVar.pyo
200 File Copy: D:\software\python2.7.9\cx_Oracle-doc\test\uCursorVar.pyo
200 File Copy: D:\software\python2.7.9\cx_Oracle-doc\test\uCursor.pyo
200 File Copy: D:\software\python2.7.9\cx_Oracle-doc\test\uConnection.pyo
200 File Copy: D:\software\python2.7.9\cx_Oracle-doc\test\TimestampVar.pyo
200 File Copy: D:\software\python2.7.9\cx_Oracle-doc\test\test_dbapi20.pyo
200 File Copy: D:\software\python2.7.9\cx_Oracle-doc\test\TestEnv.pyo
200 File Copy: D:\software\python2.7.9\cx_Oracle-doc\test\test.pyo
200 File Copy: D:\software\python2.7.9\cx_Oracle-doc\test\StringVar.pyo
200 File Copy: D:\software\python2.7.9\cx_Oracle-doc\test\SessionPool.pyo
200 File Copy: D:\software\python2.7.9\cx_Oracle-doc\test\ObjectVar.pyo
200 File Copy: D:\software\python2.7.9\cx_Oracle-doc\test\NumberVar.pyo
200 File Copy: D:\software\python2.7.9\cx_Oracle-doc\test\NCharVar.pyo
200 File Copy: D:\software\python2.7.9\cx_Oracle-doc\test\LongVar.pyo
200 File Copy: D:\software\python2.7.9\cx_Oracle-doc\test\LobVar.pyo
200 File Copy: D:\software\python2.7.9\cx_Oracle-doc\test\IntervalVar.pyo
200 File Copy: D:\software\python2.7.9\cx_Oracle-doc\test\Features12_1.pyo
200 File Copy: D:\software\python2.7.9\cx_Oracle-doc\test\Error.pyo
200 File Copy: D:\software\python2.7.9\cx_Oracle-doc\test\DateTimeVar.pyo
200 File Copy: D:\software\python2.7.9\cx_Oracle-doc\test\CursorVar.pyo
200 File Copy: D:\software\python2.7.9\cx_Oracle-doc\test\Cursor.pyo
200 File Copy: D:\software\python2.7.9\cx_Oracle-doc\test\Connection.pyo
200 File Copy: D:\software\python2.7.9\cx_Oracle-doc\test\BooleanVar.pyo
200 File Copy: D:\software\python2.7.9\cx_Oracle-doc\samples\TypeHandlers.pyo
200 File Copy: D:\software\python2.7.9\cx_Oracle-doc\samples\TransactionGuard.pyo
200 File Copy: D:\software\python2.7.9\cx_Oracle-doc\samples\ScrollableCursors.pyo
200 File Copy: D:\software\python2.7.9\cx_Oracle-doc\samples\RowsAsInstance.pyo
200 File Copy: D:\software\python2.7.9\cx_Oracle-doc\samples\ReturnUnicode.pyo
200 File Copy: D:\software\python2.7.9\cx_Oracle-doc\samples\ReturnLongs.pyo
200 File Copy: D:\software\python2.7.9\cx_Oracle-doc\samples\QueryChangeNotification.pyo
200 File Copy: D:\software\python2.7.9\cx_Oracle-doc\samples\InsertGeometry.pyo
200 File Copy: D:\software\python2.7.9\cx_Oracle-doc\samples\ImplicitResults.pyo
200 File Copy: D:\software\python2.7.9\cx_Oracle-doc\samples\Editioning.pyo
200 File Copy: D:\software\python2.7.9\cx_Oracle-doc\samples\DRCP.pyo
200 File Copy: D:\software\python2.7.9\cx_Oracle-doc\samples\DatabaseStartup.pyo
200 File Copy: D:\software\python2.7.9\cx_Oracle-doc\samples\DatabaseShutdown.pyo
200 File Copy: D:\software\python2.7.9\cx_Oracle-doc\samples\DatabaseChangeNotification.pyo
200 File Copy: D:\software\python2.7.9\cx_Oracle-doc\samples\AppContext.pyo
200 File Copy: D:\software\python2.7.9\cx_Oracle-doc\samples\AdvancedQueuing.pyo
